L0005 0000           DEPTH: DOTEQU 8 ;
L0010 0000            ASEL: DOTFIELD 3 ;
L0011 0000            BSEL: DOTFIELD 3 ;
L0012 0000            DSEL: DOTFIELD 3 ;
L0013 0000            SSEL: DOTFIELD 4 ;
L0014 0000            HSEL: DOTFIELD 3 ;
L0015 0000            MUX1: DOTFIELD 1 ;
L0016 0000            MUX2: DOTFIELD 3 ;
L0017 0000            ADRS: DOTFIELD 8 ;
L0018 0000            MISC: DOTFIELD 4 ;
L0022 0000             INP: DOTEQU 0 ;
L0023 0000            NONE: DOTEQU 0 ;
L0024 0000              R1: DOTEQU 1 ;
L0025 0000              R2: DOTEQU 2 ;
L0026 0000              R3: DOTEQU 3 ;
L0027 0000              R4: DOTEQU 4 ;
L0028 0000              R5: DOTEQU 5 ;
L0029 0000              R6: DOTEQU 6 ;
L0030 0000              R7: DOTEQU 7 ;
L0035 0000             TSF: DOTEQU 0 ;
L0036 0000             INC: DOTEQU 1 ;
L0037 0000             ADD: DOTEQU 2 ;
L0038 0000             SUB: DOTEQU 5 ;
L0039 0000             DEC: DOTEQU 6 ;
L0040 0000             TRC: DOTEQU 7 ;
L0041 0000             AND: DOTEQU 8 ;
L0042 0000              OR: DOTEQU 10 ;
L0043 0000             XOR: DOTEQU 12 ;
L0044 0000             COM: DOTEQU 14 ;
L0049 0000             NSH: DOTEQU 0 ;
L0050 0000             SHL: DOTEQU 1 ;
L0051 0000             SHR: DOTEQU 2 ;
L0052 0000            ZERO: DOTEQU 3 ;
L0053 0000             RLC: DOTEQU 4 ;
L0054 0000             ROL: DOTEQU 5 ;
L0055 0000             ROR: DOTEQU 6 ;
L0056 0000             RRC: DOTEQU 7 ;
L0060 0000             INT: DOTEQU 0 ;
L0061 0000             EXT: DOTEQU 1 ;
L0065 0000            NEXT: DOTEQU 0 ;
L0066 0000             LAD: DOTEQU 1 ;
L0067 0000              LC: DOTEQU 2 ;
L0068 0000             LNC: DOTEQU 3 ;
L0069 0000              LZ: DOTEQU 4 ;
L0070 0000             LNZ: DOTEQU 5 ;
L0071 0000              LS: DOTEQU 6 ;
L0072 0000              LV: DOTEQU 7 ;
L0075 0000            READ: DOTEQU 1 ;
L0076 0000           WRITE: DOTEQU 2 ;
L0077 0000           LDMAR: DOTEQU 4 ;
L0078 0000            LDIR: DOTEQU 8 ;
L0079 0000           FETCH: DOTEQU 9 ;
L0080 0000           DEREF: DOTEQU 5 ;
L0082 0000                  DOTMODULE "microcode_rom" ;
L0084 0000                  DOTORG 0 ;
L0086 0000           START: 0 \ 0 \ 0 \ 0 \ 3 \ 0 \ 0 \ 0 \ 0  ;
L0087 0001                  2 \ 3 \ 7 \ 12 \ 0 \ 0 \ 0 \ 0 \ 0  ;
L0088 0002                  6 \ 4 \ 5 \ 5 \ 6 \ 0 \ 0 \ 0 \ 0  ;
L0089 0003                  4 \ 0 \ 4 \ 1 \ 0 \ 0 \ 0 \ 0 \ 0  ;
L0090 0004                  5 \ 6 \ 5 \ 8 \ 3 \ 0 \ 4 \ 6 \ 0  ;
L0091 0005                  3 \ 0 \ 3 \ 14 \ 0 \ 0 \ 0 \ 0 \ 0  ;
L0092 0006              L1: 7 \ 5 \ 7 \ 2 \ 6 \ 0 \ 0 \ 0 \ 0  ;
L0093 0007                  7 \ 5 \ 7 \ 2 \ 0 \ 0 \ 6 \ 9 \ 0  ;
L0094 0008              L3: 7 \ 7 \ 7 \ 2 \ 4 \ 0 \ 2 \ 10 \ 0  ;
L0095 0009              L2: 4 \ 0 \ 4 \ 6 \ 0 \ 0 \ 1 \ 8 \ 0  ;
L0096 000A            DONE: 4 \ 0 \ 4 \ 0 \ 0 \ 0 \ 1 \ 0 \ 0  ;
L0099 00FF                  DOTORG 255 ;
L0100 00FF                  0 \ 0 \ 0 \ 0 \ 0 \ 0 \ 0 \ 0 \ 0  ;
L0100 0100                  DOTEND  ;
